{"/Users/guilhermealvespimenta/Koneksys-challenge/src/db/index-test.js": {"path":"/Users/guilhermealvespimenta/Koneksys-challenge/src/db/index-test.js","all":false,"statementMap":{"0":{"start":{"line":1,"column":0},"end":{"line":1,"column":33}},"1":{"start":{"line":2,"column":0},"end":{"line":2,"column":0}},"2":{"start":{"line":3,"column":0},"end":{"line":3,"column":27}},"3":{"start":{"line":4,"column":0},"end":{"line":4,"column":19}},"4":{"start":{"line":5,"column":0},"end":{"line":5,"column":20}},"5":{"start":{"line":6,"column":0},"end":{"line":6,"column":23}},"6":{"start":{"line":7,"column":0},"end":{"line":7,"column":19}},"7":{"start":{"line":8,"column":0},"end":{"line":8,"column":13}},"8":{"start":{"line":9,"column":0},"end":{"line":9,"column":3}},"9":{"start":{"line":10,"column":0},"end":{"line":10,"column":17}},"10":{"start":{"line":11,"column":0},"end":{"line":11,"column":0}},"11":{"start":{"line":12,"column":0},"end":{"line":12,"column":24}}},"s":{"0":12,"1":12,"2":12,"3":12,"4":12,"5":12,"6":12,"7":12,"8":12,"9":12,"10":12,"11":12},"branchMap":{"0":{"type":"branch","line":1,"loc":{"start":{"line":1,"column":0},"end":{"line":12,"column":24}},"locations":[{"start":{"line":1,"column":0},"end":{"line":12,"column":24}}]},"1":{"type":"branch","line":1,"loc":{"start":{"line":1,"column":0},"end":{"line":12,"column":24}},"locations":[{"start":{"line":1,"column":0},"end":{"line":12,"column":24}}]}},"b":{"0":[12],"1":[12]},"fnMap":{"0":{"name":"Object.<anonymous>","decl":{"start":{"line":1,"column":0},"end":{"line":12,"column":24}},"loc":{"start":{"line":1,"column":0},"end":{"line":12,"column":24}},"line":1}},"f":{"0":12}}
,"/Users/guilhermealvespimenta/Koneksys-challenge/src/entities/Equipment.ts": {"path":"/Users/guilhermealvespimenta/Koneksys-challenge/src/entities/Equipment.ts","all":false,"statementMap":{"0":{"start":{"line":1,"column":0},"end":{"line":1,"column":26}},"1":{"start":{"line":2,"column":0},"end":{"line":2,"column":33}},"2":{"start":{"line":3,"column":0},"end":{"line":3,"column":0}},"3":{"start":{"line":4,"column":0},"end":{"line":4,"column":24}},"4":{"start":{"line":5,"column":0},"end":{"line":5,"column":29}},"5":{"start":{"line":6,"column":0},"end":{"line":6,"column":39}},"6":{"start":{"line":7,"column":0},"end":{"line":7,"column":0}},"7":{"start":{"line":8,"column":0},"end":{"line":8,"column":23}},"8":{"start":{"line":9,"column":0},"end":{"line":9,"column":32}},"9":{"start":{"line":10,"column":0},"end":{"line":10,"column":0}},"10":{"start":{"line":11,"column":0},"end":{"line":11,"column":75}},"11":{"start":{"line":12,"column":0},"end":{"line":12,"column":31}},"12":{"start":{"line":13,"column":0},"end":{"line":13,"column":0}},"13":{"start":{"line":14,"column":0},"end":{"line":14,"column":14}},"14":{"start":{"line":15,"column":0},"end":{"line":15,"column":21}},"15":{"start":{"line":16,"column":0},"end":{"line":16,"column":64}},"16":{"start":{"line":17,"column":0},"end":{"line":17,"column":5}},"17":{"start":{"line":18,"column":0},"end":{"line":18,"column":3}},"18":{"start":{"line":19,"column":0},"end":{"line":19,"column":1}}},"s":{"0":1,"1":1,"2":1,"3":1,"4":1,"5":1,"6":1,"7":1,"8":1,"9":1,"10":1,"11":10,"12":10,"13":10,"14":10,"15":10,"16":10,"17":10,"18":1},"branchMap":{"0":{"type":"branch","line":11,"loc":{"start":{"line":11,"column":2},"end":{"line":18,"column":3}},"locations":[{"start":{"line":11,"column":2},"end":{"line":18,"column":3}}]}},"b":{"0":[10]},"fnMap":{"0":{"name":"Equipment","decl":{"start":{"line":11,"column":2},"end":{"line":18,"column":3}},"loc":{"start":{"line":11,"column":2},"end":{"line":18,"column":3}},"line":11}},"f":{"0":10}}
,"/Users/guilhermealvespimenta/Koneksys-challenge/src/entities/Manufacturer.ts": {"path":"/Users/guilhermealvespimenta/Koneksys-challenge/src/entities/Manufacturer.ts","all":false,"statementMap":{"0":{"start":{"line":1,"column":0},"end":{"line":1,"column":26}},"1":{"start":{"line":2,"column":0},"end":{"line":2,"column":0}},"2":{"start":{"line":3,"column":0},"end":{"line":3,"column":27}},"3":{"start":{"line":4,"column":0},"end":{"line":4,"column":29}},"4":{"start":{"line":5,"column":0},"end":{"line":5,"column":0}},"5":{"start":{"line":6,"column":0},"end":{"line":6,"column":22}},"6":{"start":{"line":7,"column":0},"end":{"line":7,"column":0}},"7":{"start":{"line":8,"column":0},"end":{"line":8,"column":61}},"8":{"start":{"line":9,"column":0},"end":{"line":9,"column":31}},"9":{"start":{"line":10,"column":0},"end":{"line":10,"column":0}},"10":{"start":{"line":11,"column":0},"end":{"line":11,"column":14}},"11":{"start":{"line":12,"column":0},"end":{"line":12,"column":21}},"12":{"start":{"line":13,"column":0},"end":{"line":13,"column":5}},"13":{"start":{"line":14,"column":0},"end":{"line":14,"column":3}},"14":{"start":{"line":15,"column":0},"end":{"line":15,"column":1}}},"s":{"0":1,"1":1,"2":1,"3":1,"4":1,"5":1,"6":1,"7":1,"8":10,"9":10,"10":10,"11":10,"12":10,"13":10,"14":1},"branchMap":{"0":{"type":"branch","line":8,"loc":{"start":{"line":8,"column":2},"end":{"line":14,"column":3}},"locations":[{"start":{"line":8,"column":2},"end":{"line":14,"column":3}}]}},"b":{"0":[10]},"fnMap":{"0":{"name":"Manufacturer","decl":{"start":{"line":8,"column":2},"end":{"line":14,"column":3}},"loc":{"start":{"line":8,"column":2},"end":{"line":14,"column":3}},"line":8}},"f":{"0":10}}
,"/Users/guilhermealvespimenta/Koneksys-challenge/src/repositories/implementations/PostgresEquipmentRepository.ts": {"path":"/Users/guilhermealvespimenta/Koneksys-challenge/src/repositories/implementations/PostgresEquipmentRepository.ts","all":false,"statementMap":{"0":{"start":{"line":1,"column":0},"end":{"line":1,"column":63}},"1":{"start":{"line":2,"column":0},"end":{"line":2,"column":53}},"2":{"start":{"line":3,"column":0},"end":{"line":3,"column":98}},"3":{"start":{"line":4,"column":0},"end":{"line":4,"column":0}},"4":{"start":{"line":5,"column":0},"end":{"line":5,"column":59}},"5":{"start":{"line":6,"column":0},"end":{"line":6,"column":33}},"6":{"start":{"line":7,"column":0},"end":{"line":7,"column":0}},"7":{"start":{"line":8,"column":0},"end":{"line":8,"column":75}},"8":{"start":{"line":9,"column":0},"end":{"line":9,"column":28}},"9":{"start":{"line":10,"column":0},"end":{"line":10,"column":23}},"10":{"start":{"line":11,"column":0},"end":{"line":11,"column":21}},"11":{"start":{"line":12,"column":0},"end":{"line":12,"column":3}},"12":{"start":{"line":13,"column":0},"end":{"line":13,"column":0}},"13":{"start":{"line":14,"column":0},"end":{"line":14,"column":47}},"14":{"start":{"line":15,"column":0},"end":{"line":15,"column":41}},"15":{"start":{"line":16,"column":0},"end":{"line":16,"column":47}},"16":{"start":{"line":17,"column":0},"end":{"line":17,"column":10}},"17":{"start":{"line":18,"column":0},"end":{"line":18,"column":6}},"18":{"start":{"line":19,"column":0},"end":{"line":19,"column":19}},"19":{"start":{"line":20,"column":0},"end":{"line":20,"column":3}},"20":{"start":{"line":21,"column":0},"end":{"line":21,"column":0}},"21":{"start":{"line":22,"column":0},"end":{"line":22,"column":54}},"22":{"start":{"line":23,"column":0},"end":{"line":23,"column":41}},"23":{"start":{"line":24,"column":0},"end":{"line":24,"column":46}},"24":{"start":{"line":25,"column":0},"end":{"line":25,"column":58}},"25":{"start":{"line":26,"column":0},"end":{"line":26,"column":23}},"26":{"start":{"line":27,"column":0},"end":{"line":27,"column":10}},"27":{"start":{"line":28,"column":0},"end":{"line":28,"column":6}},"28":{"start":{"line":29,"column":0},"end":{"line":29,"column":19}},"29":{"start":{"line":30,"column":0},"end":{"line":30,"column":3}},"30":{"start":{"line":31,"column":0},"end":{"line":31,"column":0}},"31":{"start":{"line":32,"column":0},"end":{"line":32,"column":56}},"32":{"start":{"line":33,"column":0},"end":{"line":33,"column":73}},"33":{"start":{"line":34,"column":0},"end":{"line":34,"column":19}},"34":{"start":{"line":35,"column":0},"end":{"line":35,"column":22}},"35":{"start":{"line":36,"column":0},"end":{"line":36,"column":29}},"36":{"start":{"line":37,"column":0},"end":{"line":37,"column":31}},"37":{"start":{"line":38,"column":0},"end":{"line":38,"column":7}},"38":{"start":{"line":39,"column":0},"end":{"line":39,"column":21}},"39":{"start":{"line":40,"column":0},"end":{"line":40,"column":3}},"40":{"start":{"line":41,"column":0},"end":{"line":41,"column":0}},"41":{"start":{"line":42,"column":0},"end":{"line":42,"column":41}},"42":{"start":{"line":43,"column":0},"end":{"line":43,"column":41}},"43":{"start":{"line":44,"column":0},"end":{"line":44,"column":72}},"44":{"start":{"line":45,"column":0},"end":{"line":45,"column":6}},"45":{"start":{"line":46,"column":0},"end":{"line":46,"column":16}},"46":{"start":{"line":47,"column":0},"end":{"line":47,"column":3}},"47":{"start":{"line":48,"column":0},"end":{"line":48,"column":49}},"48":{"start":{"line":49,"column":0},"end":{"line":49,"column":41}},"49":{"start":{"line":50,"column":0},"end":{"line":50,"column":89}},"50":{"start":{"line":51,"column":0},"end":{"line":51,"column":10}},"51":{"start":{"line":52,"column":0},"end":{"line":52,"column":6}},"52":{"start":{"line":53,"column":0},"end":{"line":53,"column":19}},"53":{"start":{"line":54,"column":0},"end":{"line":54,"column":3}},"54":{"start":{"line":55,"column":0},"end":{"line":55,"column":0}},"55":{"start":{"line":56,"column":0},"end":{"line":56,"column":70}},"56":{"start":{"line":57,"column":0},"end":{"line":57,"column":63}},"57":{"start":{"line":58,"column":0},"end":{"line":58,"column":46}},"58":{"start":{"line":59,"column":0},"end":{"line":59,"column":74}},"59":{"start":{"line":60,"column":0},"end":{"line":60,"column":24}},"60":{"start":{"line":61,"column":0},"end":{"line":61,"column":98}},"61":{"start":{"line":62,"column":0},"end":{"line":62,"column":63}},"62":{"start":{"line":63,"column":0},"end":{"line":63,"column":6}},"63":{"start":{"line":64,"column":0},"end":{"line":64,"column":0}},"64":{"start":{"line":65,"column":0},"end":{"line":65,"column":15}},"65":{"start":{"line":66,"column":0},"end":{"line":66,"column":3}},"66":{"start":{"line":67,"column":0},"end":{"line":67,"column":43}},"67":{"start":{"line":68,"column":0},"end":{"line":68,"column":69}},"68":{"start":{"line":69,"column":0},"end":{"line":69,"column":3}},"69":{"start":{"line":70,"column":0},"end":{"line":70,"column":1}}},"s":{"0":1,"1":1,"2":1,"3":1,"4":1,"5":1,"6":1,"7":1,"8":1,"9":1,"10":6,"11":6,"12":1,"13":1,"14":9,"15":9,"16":9,"17":9,"18":9,"19":9,"20":1,"21":1,"22":1,"23":1,"24":1,"25":1,"26":1,"27":1,"28":1,"29":1,"30":1,"31":1,"32":10,"33":10,"34":10,"35":10,"36":10,"37":10,"38":10,"39":10,"40":1,"41":1,"42":2,"43":2,"44":2,"45":2,"46":2,"47":1,"48":3,"49":3,"50":3,"51":3,"52":3,"53":3,"54":1,"55":1,"56":2,"57":2,"58":2,"59":2,"60":2,"61":2,"62":2,"63":2,"64":2,"65":2,"66":1,"67":1,"68":1,"69":1},"branchMap":{"0":{"type":"branch","line":10,"loc":{"start":{"line":10,"column":2},"end":{"line":12,"column":3}},"locations":[{"start":{"line":10,"column":2},"end":{"line":12,"column":3}}]},"1":{"type":"branch","line":14,"loc":{"start":{"line":14,"column":2},"end":{"line":20,"column":3}},"locations":[{"start":{"line":14,"column":2},"end":{"line":20,"column":3}}]},"2":{"type":"branch","line":22,"loc":{"start":{"line":22,"column":2},"end":{"line":30,"column":3}},"locations":[{"start":{"line":22,"column":2},"end":{"line":30,"column":3}}]},"3":{"type":"branch","line":32,"loc":{"start":{"line":32,"column":2},"end":{"line":40,"column":3}},"locations":[{"start":{"line":32,"column":2},"end":{"line":40,"column":3}}]},"4":{"type":"branch","line":42,"loc":{"start":{"line":42,"column":2},"end":{"line":47,"column":3}},"locations":[{"start":{"line":42,"column":2},"end":{"line":47,"column":3}}]},"5":{"type":"branch","line":48,"loc":{"start":{"line":48,"column":2},"end":{"line":54,"column":3}},"locations":[{"start":{"line":48,"column":2},"end":{"line":54,"column":3}}]},"6":{"type":"branch","line":56,"loc":{"start":{"line":56,"column":2},"end":{"line":66,"column":3}},"locations":[{"start":{"line":56,"column":2},"end":{"line":66,"column":3}}]},"7":{"type":"branch","line":58,"loc":{"start":{"line":58,"column":26},"end":{"line":58,"column":37}},"locations":[{"start":{"line":58,"column":26},"end":{"line":58,"column":37}}]},"8":{"type":"branch","line":58,"loc":{"start":{"line":58,"column":38},"end":{"line":58,"column":45}},"locations":[{"start":{"line":58,"column":38},"end":{"line":58,"column":45}}]},"9":{"type":"branch","line":59,"loc":{"start":{"line":59,"column":40},"end":{"line":59,"column":58}},"locations":[{"start":{"line":59,"column":40},"end":{"line":59,"column":58}}]},"10":{"type":"branch","line":59,"loc":{"start":{"line":59,"column":59},"end":{"line":59,"column":73}},"locations":[{"start":{"line":59,"column":59},"end":{"line":59,"column":73}}]},"11":{"type":"branch","line":67,"loc":{"start":{"line":67,"column":2},"end":{"line":69,"column":3}},"locations":[{"start":{"line":67,"column":2},"end":{"line":69,"column":3}}]}},"b":{"0":[6],"1":[9],"2":[1],"3":[10],"4":[2],"5":[3],"6":[2],"7":[1],"8":[1],"9":[1],"10":[1],"11":[1]},"fnMap":{"0":{"name":"PostgresEquipmentsRepository","decl":{"start":{"line":10,"column":2},"end":{"line":12,"column":3}},"loc":{"start":{"line":10,"column":2},"end":{"line":12,"column":3}},"line":10},"1":{"name":"findById","decl":{"start":{"line":14,"column":2},"end":{"line":20,"column":3}},"loc":{"start":{"line":14,"column":2},"end":{"line":20,"column":3}},"line":14},"2":{"name":"listOwner","decl":{"start":{"line":22,"column":2},"end":{"line":30,"column":3}},"loc":{"start":{"line":22,"column":2},"end":{"line":30,"column":3}},"line":22},"3":{"name":"save","decl":{"start":{"line":32,"column":2},"end":{"line":40,"column":3}},"loc":{"start":{"line":32,"column":2},"end":{"line":40,"column":3}},"line":32},"4":{"name":"listAll","decl":{"start":{"line":42,"column":2},"end":{"line":47,"column":3}},"loc":{"start":{"line":42,"column":2},"end":{"line":47,"column":3}},"line":42},"5":{"name":"listOne","decl":{"start":{"line":48,"column":2},"end":{"line":54,"column":3}},"loc":{"start":{"line":48,"column":2},"end":{"line":54,"column":3}},"line":48},"6":{"name":"update","decl":{"start":{"line":56,"column":2},"end":{"line":66,"column":3}},"loc":{"start":{"line":56,"column":2},"end":{"line":66,"column":3}},"line":56},"7":{"name":"delete","decl":{"start":{"line":67,"column":2},"end":{"line":69,"column":3}},"loc":{"start":{"line":67,"column":2},"end":{"line":69,"column":3}},"line":67}},"f":{"0":6,"1":9,"2":1,"3":10,"4":2,"5":3,"6":2,"7":1}}
,"/Users/guilhermealvespimenta/Koneksys-challenge/src/repositories/implementations/PostgresManufacturerRepository.ts": {"path":"/Users/guilhermealvespimenta/Koneksys-challenge/src/repositories/implementations/PostgresManufacturerRepository.ts","all":false,"statementMap":{"0":{"start":{"line":1,"column":0},"end":{"line":1,"column":69}},"1":{"start":{"line":2,"column":0},"end":{"line":2,"column":59}},"2":{"start":{"line":3,"column":0},"end":{"line":3,"column":110}},"3":{"start":{"line":4,"column":0},"end":{"line":4,"column":53}},"4":{"start":{"line":5,"column":0},"end":{"line":5,"column":33}},"5":{"start":{"line":6,"column":0},"end":{"line":6,"column":0}},"6":{"start":{"line":7,"column":0},"end":{"line":7,"column":44}},"7":{"start":{"line":8,"column":0},"end":{"line":8,"column":36}},"8":{"start":{"line":9,"column":0},"end":{"line":9,"column":1}},"9":{"start":{"line":10,"column":0},"end":{"line":10,"column":28}},"10":{"start":{"line":11,"column":0},"end":{"line":11,"column":23}},"11":{"start":{"line":12,"column":0},"end":{"line":12,"column":21}},"12":{"start":{"line":13,"column":0},"end":{"line":13,"column":3}},"13":{"start":{"line":14,"column":0},"end":{"line":14,"column":0}},"14":{"start":{"line":15,"column":0},"end":{"line":15,"column":47}},"15":{"start":{"line":16,"column":0},"end":{"line":16,"column":41}},"16":{"start":{"line":17,"column":0},"end":{"line":17,"column":50}},"17":{"start":{"line":18,"column":0},"end":{"line":18,"column":10}},"18":{"start":{"line":19,"column":0},"end":{"line":19,"column":6}},"19":{"start":{"line":20,"column":0},"end":{"line":20,"column":19}},"20":{"start":{"line":21,"column":0},"end":{"line":21,"column":3}},"21":{"start":{"line":22,"column":0},"end":{"line":22,"column":0}},"22":{"start":{"line":23,"column":0},"end":{"line":23,"column":58}},"23":{"start":{"line":24,"column":0},"end":{"line":24,"column":41}},"24":{"start":{"line":25,"column":0},"end":{"line":25,"column":67}},"25":{"start":{"line":26,"column":0},"end":{"line":26,"column":58}},"26":{"start":{"line":27,"column":0},"end":{"line":27,"column":37}},"27":{"start":{"line":28,"column":0},"end":{"line":28,"column":10}},"28":{"start":{"line":29,"column":0},"end":{"line":29,"column":6}},"29":{"start":{"line":30,"column":0},"end":{"line":30,"column":16}},"30":{"start":{"line":31,"column":0},"end":{"line":31,"column":3}},"31":{"start":{"line":32,"column":0},"end":{"line":32,"column":0}},"32":{"start":{"line":33,"column":0},"end":{"line":33,"column":65}},"33":{"start":{"line":34,"column":0},"end":{"line":34,"column":62}},"34":{"start":{"line":35,"column":0},"end":{"line":35,"column":22}},"35":{"start":{"line":36,"column":0},"end":{"line":36,"column":24}},"36":{"start":{"line":37,"column":0},"end":{"line":37,"column":7}},"37":{"start":{"line":38,"column":0},"end":{"line":38,"column":24}},"38":{"start":{"line":39,"column":0},"end":{"line":39,"column":3}},"39":{"start":{"line":40,"column":0},"end":{"line":40,"column":0}},"40":{"start":{"line":41,"column":0},"end":{"line":41,"column":44}},"41":{"start":{"line":42,"column":0},"end":{"line":42,"column":77}},"42":{"start":{"line":43,"column":0},"end":{"line":43,"column":16}},"43":{"start":{"line":44,"column":0},"end":{"line":44,"column":3}},"44":{"start":{"line":45,"column":0},"end":{"line":45,"column":52}},"45":{"start":{"line":46,"column":0},"end":{"line":46,"column":41}},"46":{"start":{"line":47,"column":0},"end":{"line":47,"column":55}},"47":{"start":{"line":48,"column":0},"end":{"line":48,"column":10}},"48":{"start":{"line":49,"column":0},"end":{"line":49,"column":6}},"49":{"start":{"line":50,"column":0},"end":{"line":50,"column":19}},"50":{"start":{"line":51,"column":0},"end":{"line":51,"column":3}},"51":{"start":{"line":52,"column":0},"end":{"line":52,"column":68}},"52":{"start":{"line":53,"column":0},"end":{"line":53,"column":70}},"53":{"start":{"line":54,"column":0},"end":{"line":54,"column":15}},"54":{"start":{"line":55,"column":0},"end":{"line":55,"column":13}},"55":{"start":{"line":56,"column":0},"end":{"line":56,"column":7}},"56":{"start":{"line":57,"column":0},"end":{"line":57,"column":15}},"57":{"start":{"line":58,"column":0},"end":{"line":58,"column":3}},"58":{"start":{"line":59,"column":0},"end":{"line":59,"column":43}},"59":{"start":{"line":60,"column":0},"end":{"line":60,"column":66}},"60":{"start":{"line":61,"column":0},"end":{"line":61,"column":3}},"61":{"start":{"line":62,"column":0},"end":{"line":62,"column":1}}},"s":{"0":1,"1":1,"2":1,"3":1,"4":1,"5":1,"6":1,"7":1,"8":1,"9":1,"10":1,"11":12,"12":12,"13":1,"14":1,"15":12,"16":12,"17":12,"18":12,"19":12,"20":12,"21":1,"22":1,"23":1,"24":1,"25":1,"26":1,"27":1,"28":1,"29":1,"30":1,"31":1,"32":1,"33":10,"34":10,"35":10,"36":10,"37":10,"38":10,"39":1,"40":1,"41":1,"42":1,"43":1,"44":1,"45":1,"46":1,"47":1,"48":1,"49":1,"50":1,"51":1,"52":1,"53":1,"54":1,"55":1,"56":1,"57":1,"58":1,"59":1,"60":1,"61":1},"branchMap":{"0":{"type":"branch","line":11,"loc":{"start":{"line":11,"column":2},"end":{"line":13,"column":3}},"locations":[{"start":{"line":11,"column":2},"end":{"line":13,"column":3}}]},"1":{"type":"branch","line":15,"loc":{"start":{"line":15,"column":2},"end":{"line":21,"column":3}},"locations":[{"start":{"line":15,"column":2},"end":{"line":21,"column":3}}]},"2":{"type":"branch","line":23,"loc":{"start":{"line":23,"column":2},"end":{"line":31,"column":3}},"locations":[{"start":{"line":23,"column":2},"end":{"line":31,"column":3}}]},"3":{"type":"branch","line":33,"loc":{"start":{"line":33,"column":2},"end":{"line":39,"column":3}},"locations":[{"start":{"line":33,"column":2},"end":{"line":39,"column":3}}]},"4":{"type":"branch","line":41,"loc":{"start":{"line":41,"column":2},"end":{"line":44,"column":3}},"locations":[{"start":{"line":41,"column":2},"end":{"line":44,"column":3}}]},"5":{"type":"branch","line":45,"loc":{"start":{"line":45,"column":2},"end":{"line":51,"column":3}},"locations":[{"start":{"line":45,"column":2},"end":{"line":51,"column":3}}]},"6":{"type":"branch","line":52,"loc":{"start":{"line":52,"column":2},"end":{"line":58,"column":3}},"locations":[{"start":{"line":52,"column":2},"end":{"line":58,"column":3}}]},"7":{"type":"branch","line":59,"loc":{"start":{"line":59,"column":2},"end":{"line":61,"column":3}},"locations":[{"start":{"line":59,"column":2},"end":{"line":61,"column":3}}]}},"b":{"0":[12],"1":[12],"2":[1],"3":[10],"4":[1],"5":[1],"6":[1],"7":[1]},"fnMap":{"0":{"name":"PostgresManufacturersRepository","decl":{"start":{"line":11,"column":2},"end":{"line":13,"column":3}},"loc":{"start":{"line":11,"column":2},"end":{"line":13,"column":3}},"line":11},"1":{"name":"findById","decl":{"start":{"line":15,"column":2},"end":{"line":21,"column":3}},"loc":{"start":{"line":15,"column":2},"end":{"line":21,"column":3}},"line":15},"2":{"name":"listEquipments","decl":{"start":{"line":23,"column":2},"end":{"line":31,"column":3}},"loc":{"start":{"line":23,"column":2},"end":{"line":31,"column":3}},"line":23},"3":{"name":"save","decl":{"start":{"line":33,"column":2},"end":{"line":39,"column":3}},"loc":{"start":{"line":33,"column":2},"end":{"line":39,"column":3}},"line":33},"4":{"name":"listAll","decl":{"start":{"line":41,"column":2},"end":{"line":44,"column":3}},"loc":{"start":{"line":41,"column":2},"end":{"line":44,"column":3}},"line":41},"5":{"name":"listOne","decl":{"start":{"line":45,"column":2},"end":{"line":51,"column":3}},"loc":{"start":{"line":45,"column":2},"end":{"line":51,"column":3}},"line":45},"6":{"name":"update","decl":{"start":{"line":52,"column":2},"end":{"line":58,"column":3}},"loc":{"start":{"line":52,"column":2},"end":{"line":58,"column":3}},"line":52},"7":{"name":"delete","decl":{"start":{"line":59,"column":2},"end":{"line":61,"column":3}},"loc":{"start":{"line":59,"column":2},"end":{"line":61,"column":3}},"line":59}},"f":{"0":12,"1":12,"2":1,"3":10,"4":1,"5":1,"6":1,"7":1}}
,"/Users/guilhermealvespimenta/Koneksys-challenge/src/useCases/Equipment/CreateEquipment/CreateEquipmentService.ts": {"path":"/Users/guilhermealvespimenta/Koneksys-challenge/src/useCases/Equipment/CreateEquipment/CreateEquipmentService.ts","all":false,"statementMap":{"0":{"start":{"line":1,"column":0},"end":{"line":1,"column":82}},"1":{"start":{"line":2,"column":0},"end":{"line":2,"column":59}},"2":{"start":{"line":3,"column":0},"end":{"line":3,"column":56}},"3":{"start":{"line":4,"column":0},"end":{"line":4,"column":88}},"4":{"start":{"line":5,"column":0},"end":{"line":5,"column":0}},"5":{"start":{"line":6,"column":0},"end":{"line":6,"column":37}},"6":{"start":{"line":7,"column":0},"end":{"line":7,"column":14}},"7":{"start":{"line":8,"column":0},"end":{"line":8,"column":54}},"8":{"start":{"line":9,"column":0},"end":{"line":9,"column":59}},"9":{"start":{"line":10,"column":0},"end":{"line":10,"column":6}},"10":{"start":{"line":11,"column":0},"end":{"line":11,"column":0}},"11":{"start":{"line":12,"column":0},"end":{"line":12,"column":44}},"12":{"start":{"line":13,"column":0},"end":{"line":13,"column":22}},"13":{"start":{"line":14,"column":0},"end":{"line":14,"column":59}},"14":{"start":{"line":15,"column":0},"end":{"line":15,"column":5}},"15":{"start":{"line":16,"column":0},"end":{"line":16,"column":0}},"16":{"start":{"line":17,"column":0},"end":{"line":17,"column":38}},"17":{"start":{"line":18,"column":0},"end":{"line":18,"column":70}},"18":{"start":{"line":19,"column":0},"end":{"line":19,"column":27}},"19":{"start":{"line":20,"column":0},"end":{"line":20,"column":8}},"20":{"start":{"line":21,"column":0},"end":{"line":21,"column":26}},"21":{"start":{"line":22,"column":0},"end":{"line":22,"column":63}},"22":{"start":{"line":23,"column":0},"end":{"line":23,"column":7}},"23":{"start":{"line":24,"column":0},"end":{"line":24,"column":5}},"24":{"start":{"line":25,"column":0},"end":{"line":25,"column":42}},"25":{"start":{"line":26,"column":0},"end":{"line":26,"column":0}},"26":{"start":{"line":27,"column":0},"end":{"line":27,"column":58}},"27":{"start":{"line":28,"column":0},"end":{"line":28,"column":3}},"28":{"start":{"line":29,"column":0},"end":{"line":29,"column":1}}},"s":{"0":1,"1":1,"2":1,"3":1,"4":1,"5":1,"6":1,"7":6,"8":6,"9":6,"10":1,"11":1,"12":11,"13":1,"14":1,"15":10,"16":11,"17":1,"18":1,"19":1,"20":1,"21":0,"22":0,"23":1,"24":10,"25":10,"26":10,"27":10,"28":1},"branchMap":{"0":{"type":"branch","line":7,"loc":{"start":{"line":7,"column":2},"end":{"line":10,"column":6}},"locations":[{"start":{"line":7,"column":2},"end":{"line":10,"column":6}}]},"1":{"type":"branch","line":12,"loc":{"start":{"line":12,"column":2},"end":{"line":28,"column":3}},"locations":[{"start":{"line":12,"column":2},"end":{"line":28,"column":3}}]},"2":{"type":"branch","line":13,"loc":{"start":{"line":13,"column":21},"end":{"line":17,"column":37}},"locations":[{"start":{"line":13,"column":21},"end":{"line":17,"column":37}}]},"3":{"type":"branch","line":13,"loc":{"start":{"line":13,"column":21},"end":{"line":15,"column":5}},"locations":[{"start":{"line":13,"column":21},"end":{"line":15,"column":5}}]},"4":{"type":"branch","line":17,"loc":{"start":{"line":17,"column":37},"end":{"line":24,"column":5}},"locations":[{"start":{"line":17,"column":37},"end":{"line":24,"column":5}}]},"5":{"type":"branch","line":21,"loc":{"start":{"line":21,"column":25},"end":{"line":23,"column":7}},"locations":[{"start":{"line":21,"column":25},"end":{"line":23,"column":7}}]},"6":{"type":"branch","line":25,"loc":{"start":{"line":25,"column":-1},"end":{"line":28,"column":3}},"locations":[{"start":{"line":25,"column":-1},"end":{"line":28,"column":3}}]}},"b":{"0":[6],"1":[11],"2":[10],"3":[1],"4":[1],"5":[0],"6":[10]},"fnMap":{"0":{"name":"CreateEquipmentService","decl":{"start":{"line":7,"column":2},"end":{"line":10,"column":6}},"loc":{"start":{"line":7,"column":2},"end":{"line":10,"column":6}},"line":7},"1":{"name":"execute","decl":{"start":{"line":12,"column":2},"end":{"line":28,"column":3}},"loc":{"start":{"line":12,"column":2},"end":{"line":28,"column":3}},"line":12}},"f":{"0":6,"1":11}}
,"/Users/guilhermealvespimenta/Koneksys-challenge/src/useCases/Equipment/DeleteEquipment/DeleteEquipmentService.ts": {"path":"/Users/guilhermealvespimenta/Koneksys-challenge/src/useCases/Equipment/DeleteEquipment/DeleteEquipmentService.ts","all":false,"statementMap":{"0":{"start":{"line":1,"column":0},"end":{"line":1,"column":82}},"1":{"start":{"line":2,"column":0},"end":{"line":2,"column":0}},"2":{"start":{"line":3,"column":0},"end":{"line":3,"column":37}},"3":{"start":{"line":4,"column":0},"end":{"line":4,"column":67}},"4":{"start":{"line":5,"column":0},"end":{"line":5,"column":0}},"5":{"start":{"line":6,"column":0},"end":{"line":6,"column":29}},"6":{"start":{"line":7,"column":0},"end":{"line":7,"column":66}},"7":{"start":{"line":8,"column":0},"end":{"line":8,"column":0}},"8":{"start":{"line":9,"column":0},"end":{"line":9,"column":21}},"9":{"start":{"line":10,"column":0},"end":{"line":10,"column":58}},"10":{"start":{"line":11,"column":0},"end":{"line":11,"column":5}},"11":{"start":{"line":12,"column":0},"end":{"line":12,"column":0}},"12":{"start":{"line":13,"column":0},"end":{"line":13,"column":46}},"13":{"start":{"line":14,"column":0},"end":{"line":14,"column":3}},"14":{"start":{"line":15,"column":0},"end":{"line":15,"column":1}}},"s":{"0":1,"1":1,"2":1,"3":1,"4":1,"5":1,"6":2,"7":2,"8":2,"9":1,"10":1,"11":1,"12":1,"13":1,"14":1},"branchMap":{"0":{"type":"branch","line":4,"loc":{"start":{"line":4,"column":2},"end":{"line":4,"column":67}},"locations":[{"start":{"line":4,"column":2},"end":{"line":4,"column":67}}]},"1":{"type":"branch","line":6,"loc":{"start":{"line":6,"column":2},"end":{"line":14,"column":3}},"locations":[{"start":{"line":6,"column":2},"end":{"line":14,"column":3}}]},"2":{"type":"branch","line":9,"loc":{"start":{"line":9,"column":20},"end":{"line":14,"column":3}},"locations":[{"start":{"line":9,"column":20},"end":{"line":14,"column":3}}]}},"b":{"0":[1],"1":[2],"2":[1]},"fnMap":{"0":{"name":"DeleteEquipmentService","decl":{"start":{"line":4,"column":2},"end":{"line":4,"column":67}},"loc":{"start":{"line":4,"column":2},"end":{"line":4,"column":67}},"line":4},"1":{"name":"execute","decl":{"start":{"line":6,"column":2},"end":{"line":14,"column":3}},"loc":{"start":{"line":6,"column":2},"end":{"line":14,"column":3}},"line":6}},"f":{"0":1,"1":2}}
,"/Users/guilhermealvespimenta/Koneksys-challenge/src/useCases/Equipment/ListEquipment/ListEquipmentService.ts": {"path":"/Users/guilhermealvespimenta/Koneksys-challenge/src/useCases/Equipment/ListEquipment/ListEquipmentService.ts","all":false,"statementMap":{"0":{"start":{"line":1,"column":0},"end":{"line":1,"column":82}},"1":{"start":{"line":2,"column":0},"end":{"line":2,"column":0}},"2":{"start":{"line":3,"column":0},"end":{"line":3,"column":35}},"3":{"start":{"line":4,"column":0},"end":{"line":4,"column":67}},"4":{"start":{"line":5,"column":0},"end":{"line":5,"column":0}},"5":{"start":{"line":6,"column":0},"end":{"line":6,"column":29}},"6":{"start":{"line":7,"column":0},"end":{"line":7,"column":66}},"7":{"start":{"line":8,"column":0},"end":{"line":8,"column":0}},"8":{"start":{"line":9,"column":0},"end":{"line":9,"column":21}},"9":{"start":{"line":10,"column":0},"end":{"line":10,"column":58}},"10":{"start":{"line":11,"column":0},"end":{"line":11,"column":5}},"11":{"start":{"line":12,"column":0},"end":{"line":12,"column":54}},"12":{"start":{"line":13,"column":0},"end":{"line":13,"column":3}},"13":{"start":{"line":14,"column":0},"end":{"line":14,"column":1}}},"s":{"0":1,"1":1,"2":1,"3":1,"4":1,"5":1,"6":2,"7":2,"8":2,"9":1,"10":1,"11":1,"12":1,"13":1},"branchMap":{"0":{"type":"branch","line":4,"loc":{"start":{"line":4,"column":2},"end":{"line":4,"column":67}},"locations":[{"start":{"line":4,"column":2},"end":{"line":4,"column":67}}]},"1":{"type":"branch","line":6,"loc":{"start":{"line":6,"column":2},"end":{"line":13,"column":3}},"locations":[{"start":{"line":6,"column":2},"end":{"line":13,"column":3}}]},"2":{"type":"branch","line":9,"loc":{"start":{"line":9,"column":20},"end":{"line":13,"column":3}},"locations":[{"start":{"line":9,"column":20},"end":{"line":13,"column":3}}]}},"b":{"0":[1],"1":[2],"2":[1]},"fnMap":{"0":{"name":"ListEquipmentService","decl":{"start":{"line":4,"column":2},"end":{"line":4,"column":67}},"loc":{"start":{"line":4,"column":2},"end":{"line":4,"column":67}},"line":4},"1":{"name":"execute","decl":{"start":{"line":6,"column":2},"end":{"line":13,"column":3}},"loc":{"start":{"line":6,"column":2},"end":{"line":13,"column":3}},"line":6}},"f":{"0":1,"1":2}}
,"/Users/guilhermealvespimenta/Koneksys-challenge/src/useCases/Equipment/ListEquipmentOwner/ListEquipmentOwnerService.ts": {"path":"/Users/guilhermealvespimenta/Koneksys-challenge/src/useCases/Equipment/ListEquipmentOwner/ListEquipmentOwnerService.ts","all":false,"statementMap":{"0":{"start":{"line":1,"column":0},"end":{"line":1,"column":82}},"1":{"start":{"line":2,"column":0},"end":{"line":2,"column":0}},"2":{"start":{"line":3,"column":0},"end":{"line":3,"column":40}},"3":{"start":{"line":4,"column":0},"end":{"line":4,"column":67}},"4":{"start":{"line":5,"column":0},"end":{"line":5,"column":0}},"5":{"start":{"line":6,"column":0},"end":{"line":6,"column":29}},"6":{"start":{"line":7,"column":0},"end":{"line":7,"column":66}},"7":{"start":{"line":8,"column":0},"end":{"line":8,"column":0}},"8":{"start":{"line":9,"column":0},"end":{"line":9,"column":21}},"9":{"start":{"line":10,"column":0},"end":{"line":10,"column":58}},"10":{"start":{"line":11,"column":0},"end":{"line":11,"column":5}},"11":{"start":{"line":12,"column":0},"end":{"line":12,"column":56}},"12":{"start":{"line":13,"column":0},"end":{"line":13,"column":3}},"13":{"start":{"line":14,"column":0},"end":{"line":14,"column":1}}},"s":{"0":1,"1":1,"2":1,"3":1,"4":1,"5":1,"6":2,"7":2,"8":2,"9":1,"10":1,"11":1,"12":1,"13":1},"branchMap":{"0":{"type":"branch","line":4,"loc":{"start":{"line":4,"column":2},"end":{"line":4,"column":67}},"locations":[{"start":{"line":4,"column":2},"end":{"line":4,"column":67}}]},"1":{"type":"branch","line":6,"loc":{"start":{"line":6,"column":2},"end":{"line":13,"column":3}},"locations":[{"start":{"line":6,"column":2},"end":{"line":13,"column":3}}]},"2":{"type":"branch","line":9,"loc":{"start":{"line":9,"column":20},"end":{"line":13,"column":3}},"locations":[{"start":{"line":9,"column":20},"end":{"line":13,"column":3}}]}},"b":{"0":[1],"1":[2],"2":[1]},"fnMap":{"0":{"name":"ListEquipmentOwnerService","decl":{"start":{"line":4,"column":2},"end":{"line":4,"column":67}},"loc":{"start":{"line":4,"column":2},"end":{"line":4,"column":67}},"line":4},"1":{"name":"execute","decl":{"start":{"line":6,"column":2},"end":{"line":13,"column":3}},"loc":{"start":{"line":6,"column":2},"end":{"line":13,"column":3}},"line":6}},"f":{"0":1,"1":2}}
,"/Users/guilhermealvespimenta/Koneksys-challenge/src/useCases/Equipment/ListEquipments/ListEquipmentsService.ts": {"path":"/Users/guilhermealvespimenta/Koneksys-challenge/src/useCases/Equipment/ListEquipments/ListEquipmentsService.ts","all":false,"statementMap":{"0":{"start":{"line":1,"column":0},"end":{"line":1,"column":82}},"1":{"start":{"line":2,"column":0},"end":{"line":2,"column":0}},"2":{"start":{"line":3,"column":0},"end":{"line":3,"column":36}},"3":{"start":{"line":4,"column":0},"end":{"line":4,"column":67}},"4":{"start":{"line":5,"column":0},"end":{"line":5,"column":0}},"5":{"start":{"line":6,"column":0},"end":{"line":6,"column":19}},"6":{"start":{"line":7,"column":0},"end":{"line":7,"column":52}},"7":{"start":{"line":8,"column":0},"end":{"line":8,"column":3}},"8":{"start":{"line":9,"column":0},"end":{"line":9,"column":1}}},"s":{"0":1,"1":1,"2":1,"3":1,"4":1,"5":1,"6":2,"7":2,"8":1},"branchMap":{"0":{"type":"branch","line":4,"loc":{"start":{"line":4,"column":2},"end":{"line":4,"column":67}},"locations":[{"start":{"line":4,"column":2},"end":{"line":4,"column":67}}]},"1":{"type":"branch","line":6,"loc":{"start":{"line":6,"column":2},"end":{"line":8,"column":3}},"locations":[{"start":{"line":6,"column":2},"end":{"line":8,"column":3}}]}},"b":{"0":[1],"1":[2]},"fnMap":{"0":{"name":"ListEquipmentsService","decl":{"start":{"line":4,"column":2},"end":{"line":4,"column":67}},"loc":{"start":{"line":4,"column":2},"end":{"line":4,"column":67}},"line":4},"1":{"name":"execute","decl":{"start":{"line":6,"column":2},"end":{"line":8,"column":3}},"loc":{"start":{"line":6,"column":2},"end":{"line":8,"column":3}},"line":6}},"f":{"0":1,"1":2}}
,"/Users/guilhermealvespimenta/Koneksys-challenge/src/useCases/Equipment/UpdateEquipment/UpdateEquipmentService.ts": {"path":"/Users/guilhermealvespimenta/Koneksys-challenge/src/useCases/Equipment/UpdateEquipment/UpdateEquipmentService.ts","all":false,"statementMap":{"0":{"start":{"line":1,"column":0},"end":{"line":1,"column":82}},"1":{"start":{"line":2,"column":0},"end":{"line":2,"column":59}},"2":{"start":{"line":3,"column":0},"end":{"line":3,"column":88}},"3":{"start":{"line":4,"column":0},"end":{"line":4,"column":0}},"4":{"start":{"line":5,"column":0},"end":{"line":5,"column":37}},"5":{"start":{"line":6,"column":0},"end":{"line":6,"column":14}},"6":{"start":{"line":7,"column":0},"end":{"line":7,"column":54}},"7":{"start":{"line":8,"column":0},"end":{"line":8,"column":68}},"8":{"start":{"line":9,"column":0},"end":{"line":9,"column":6}},"9":{"start":{"line":10,"column":0},"end":{"line":10,"column":0}},"10":{"start":{"line":11,"column":0},"end":{"line":11,"column":43}},"11":{"start":{"line":12,"column":0},"end":{"line":12,"column":43}},"12":{"start":{"line":13,"column":0},"end":{"line":13,"column":63}},"13":{"start":{"line":14,"column":0},"end":{"line":14,"column":5}},"14":{"start":{"line":15,"column":0},"end":{"line":15,"column":0}},"15":{"start":{"line":16,"column":0},"end":{"line":16,"column":70}},"16":{"start":{"line":17,"column":0},"end":{"line":17,"column":0}},"17":{"start":{"line":18,"column":0},"end":{"line":18,"column":21}},"18":{"start":{"line":19,"column":0},"end":{"line":19,"column":58}},"19":{"start":{"line":20,"column":0},"end":{"line":20,"column":5}},"20":{"start":{"line":21,"column":0},"end":{"line":21,"column":0}},"21":{"start":{"line":22,"column":0},"end":{"line":22,"column":77}},"22":{"start":{"line":23,"column":0},"end":{"line":23,"column":24}},"23":{"start":{"line":24,"column":0},"end":{"line":24,"column":6}},"24":{"start":{"line":25,"column":0},"end":{"line":25,"column":0}},"25":{"start":{"line":26,"column":0},"end":{"line":26,"column":55}},"26":{"start":{"line":27,"column":0},"end":{"line":27,"column":61}},"27":{"start":{"line":28,"column":0},"end":{"line":28,"column":5}},"28":{"start":{"line":29,"column":0},"end":{"line":29,"column":0}},"29":{"start":{"line":30,"column":0},"end":{"line":30,"column":54}},"30":{"start":{"line":31,"column":0},"end":{"line":31,"column":3}},"31":{"start":{"line":32,"column":0},"end":{"line":32,"column":1}}},"s":{"0":1,"1":1,"2":1,"3":1,"4":1,"5":1,"6":1,"7":1,"8":1,"9":1,"10":1,"11":4,"12":1,"13":1,"14":3,"15":3,"16":3,"17":4,"18":0,"19":0,"20":3,"21":3,"22":3,"23":3,"24":3,"25":4,"26":1,"27":1,"28":2,"29":2,"30":2,"31":1},"branchMap":{"0":{"type":"branch","line":6,"loc":{"start":{"line":6,"column":2},"end":{"line":9,"column":6}},"locations":[{"start":{"line":6,"column":2},"end":{"line":9,"column":6}}]},"1":{"type":"branch","line":11,"loc":{"start":{"line":11,"column":2},"end":{"line":31,"column":3}},"locations":[{"start":{"line":11,"column":2},"end":{"line":31,"column":3}}]},"2":{"type":"branch","line":12,"loc":{"start":{"line":12,"column":42},"end":{"line":14,"column":5}},"locations":[{"start":{"line":12,"column":42},"end":{"line":14,"column":5}}]},"3":{"type":"branch","line":15,"loc":{"start":{"line":15,"column":-1},"end":{"line":18,"column":20}},"locations":[{"start":{"line":15,"column":-1},"end":{"line":18,"column":20}}]},"4":{"type":"branch","line":18,"loc":{"start":{"line":18,"column":20},"end":{"line":20,"column":5}},"locations":[{"start":{"line":18,"column":20},"end":{"line":20,"column":5}}]},"5":{"type":"branch","line":21,"loc":{"start":{"line":21,"column":-1},"end":{"line":26,"column":25}},"locations":[{"start":{"line":21,"column":-1},"end":{"line":26,"column":25}}]},"6":{"type":"branch","line":26,"loc":{"start":{"line":26,"column":21},"end":{"line":26,"column":52}},"locations":[{"start":{"line":26,"column":21},"end":{"line":26,"column":52}}]},"7":{"type":"branch","line":26,"loc":{"start":{"line":26,"column":54},"end":{"line":28,"column":5}},"locations":[{"start":{"line":26,"column":54},"end":{"line":28,"column":5}}]},"8":{"type":"branch","line":29,"loc":{"start":{"line":29,"column":-1},"end":{"line":31,"column":3}},"locations":[{"start":{"line":29,"column":-1},"end":{"line":31,"column":3}}]}},"b":{"0":[1],"1":[4],"2":[1],"3":[3],"4":[0],"5":[3],"6":[2],"7":[1],"8":[2]},"fnMap":{"0":{"name":"UpdateEquipmentService","decl":{"start":{"line":6,"column":2},"end":{"line":9,"column":6}},"loc":{"start":{"line":6,"column":2},"end":{"line":9,"column":6}},"line":6},"1":{"name":"execute","decl":{"start":{"line":11,"column":2},"end":{"line":31,"column":3}},"loc":{"start":{"line":11,"column":2},"end":{"line":31,"column":3}},"line":11}},"f":{"0":1,"1":4}}
,"/Users/guilhermealvespimenta/Koneksys-challenge/src/useCases/Manufacturer/CreateManufacturer/CreateManufacturerService.ts": {"path":"/Users/guilhermealvespimenta/Koneksys-challenge/src/useCases/Manufacturer/CreateManufacturer/CreateManufacturerService.ts","all":false,"statementMap":{"0":{"start":{"line":1,"column":0},"end":{"line":1,"column":88}},"1":{"start":{"line":2,"column":0},"end":{"line":2,"column":65}},"2":{"start":{"line":3,"column":0},"end":{"line":3,"column":62}},"3":{"start":{"line":4,"column":0},"end":{"line":4,"column":0}},"4":{"start":{"line":5,"column":0},"end":{"line":5,"column":40}},"5":{"start":{"line":6,"column":0},"end":{"line":6,"column":74}},"6":{"start":{"line":7,"column":0},"end":{"line":7,"column":0}},"7":{"start":{"line":8,"column":0},"end":{"line":8,"column":46}},"8":{"start":{"line":9,"column":0},"end":{"line":9,"column":15}},"9":{"start":{"line":10,"column":0},"end":{"line":10,"column":64}},"10":{"start":{"line":11,"column":0},"end":{"line":11,"column":5}},"11":{"start":{"line":12,"column":0},"end":{"line":12,"column":0}},"12":{"start":{"line":13,"column":0},"end":{"line":13,"column":47}},"13":{"start":{"line":14,"column":0},"end":{"line":14,"column":0}},"14":{"start":{"line":15,"column":0},"end":{"line":15,"column":65}},"15":{"start":{"line":16,"column":0},"end":{"line":16,"column":3}},"16":{"start":{"line":17,"column":0},"end":{"line":17,"column":1}}},"s":{"0":1,"1":1,"2":1,"3":1,"4":1,"5":1,"6":1,"7":1,"8":11,"9":1,"10":1,"11":10,"12":10,"13":10,"14":10,"15":10,"16":1},"branchMap":{"0":{"type":"branch","line":6,"loc":{"start":{"line":6,"column":2},"end":{"line":6,"column":74}},"locations":[{"start":{"line":6,"column":2},"end":{"line":6,"column":74}}]},"1":{"type":"branch","line":8,"loc":{"start":{"line":8,"column":2},"end":{"line":16,"column":3}},"locations":[{"start":{"line":8,"column":2},"end":{"line":16,"column":3}}]},"2":{"type":"branch","line":9,"loc":{"start":{"line":9,"column":14},"end":{"line":16,"column":3}},"locations":[{"start":{"line":9,"column":14},"end":{"line":16,"column":3}}]},"3":{"type":"branch","line":9,"loc":{"start":{"line":9,"column":14},"end":{"line":11,"column":5}},"locations":[{"start":{"line":9,"column":14},"end":{"line":11,"column":5}}]}},"b":{"0":[8],"1":[11],"2":[10],"3":[1]},"fnMap":{"0":{"name":"CreateManufacturerService","decl":{"start":{"line":6,"column":2},"end":{"line":6,"column":74}},"loc":{"start":{"line":6,"column":2},"end":{"line":6,"column":74}},"line":6},"1":{"name":"execute","decl":{"start":{"line":8,"column":2},"end":{"line":16,"column":3}},"loc":{"start":{"line":8,"column":2},"end":{"line":16,"column":3}},"line":8}},"f":{"0":8,"1":11}}
,"/Users/guilhermealvespimenta/Koneksys-challenge/src/useCases/Manufacturer/DeleteManufacturer/DeleteManufacturerService.ts": {"path":"/Users/guilhermealvespimenta/Koneksys-challenge/src/useCases/Manufacturer/DeleteManufacturer/DeleteManufacturerService.ts","all":false,"statementMap":{"0":{"start":{"line":1,"column":0},"end":{"line":1,"column":88}},"1":{"start":{"line":2,"column":0},"end":{"line":2,"column":0}},"2":{"start":{"line":3,"column":0},"end":{"line":3,"column":40}},"3":{"start":{"line":4,"column":0},"end":{"line":4,"column":73}},"4":{"start":{"line":5,"column":0},"end":{"line":5,"column":0}},"5":{"start":{"line":6,"column":0},"end":{"line":6,"column":29}},"6":{"start":{"line":7,"column":0},"end":{"line":7,"column":72}},"7":{"start":{"line":8,"column":0},"end":{"line":8,"column":0}},"8":{"start":{"line":9,"column":0},"end":{"line":9,"column":24}},"9":{"start":{"line":10,"column":0},"end":{"line":10,"column":61}},"10":{"start":{"line":11,"column":0},"end":{"line":11,"column":5}},"11":{"start":{"line":12,"column":0},"end":{"line":12,"column":49}},"12":{"start":{"line":13,"column":0},"end":{"line":13,"column":3}},"13":{"start":{"line":14,"column":0},"end":{"line":14,"column":1}}},"s":{"0":1,"1":1,"2":1,"3":1,"4":1,"5":1,"6":2,"7":2,"8":2,"9":1,"10":1,"11":1,"12":1,"13":1},"branchMap":{"0":{"type":"branch","line":4,"loc":{"start":{"line":4,"column":2},"end":{"line":4,"column":73}},"locations":[{"start":{"line":4,"column":2},"end":{"line":4,"column":73}}]},"1":{"type":"branch","line":6,"loc":{"start":{"line":6,"column":2},"end":{"line":13,"column":3}},"locations":[{"start":{"line":6,"column":2},"end":{"line":13,"column":3}}]},"2":{"type":"branch","line":9,"loc":{"start":{"line":9,"column":23},"end":{"line":13,"column":3}},"locations":[{"start":{"line":9,"column":23},"end":{"line":13,"column":3}}]}},"b":{"0":[1],"1":[2],"2":[1]},"fnMap":{"0":{"name":"DeleteManufacturerService","decl":{"start":{"line":4,"column":2},"end":{"line":4,"column":73}},"loc":{"start":{"line":4,"column":2},"end":{"line":4,"column":73}},"line":4},"1":{"name":"execute","decl":{"start":{"line":6,"column":2},"end":{"line":13,"column":3}},"loc":{"start":{"line":6,"column":2},"end":{"line":13,"column":3}},"line":6}},"f":{"0":1,"1":2}}
,"/Users/guilhermealvespimenta/Koneksys-challenge/src/useCases/Manufacturer/ListManufacturer/ListManufacturerService.ts": {"path":"/Users/guilhermealvespimenta/Koneksys-challenge/src/useCases/Manufacturer/ListManufacturer/ListManufacturerService.ts","all":false,"statementMap":{"0":{"start":{"line":1,"column":0},"end":{"line":1,"column":88}},"1":{"start":{"line":2,"column":0},"end":{"line":2,"column":0}},"2":{"start":{"line":3,"column":0},"end":{"line":3,"column":38}},"3":{"start":{"line":4,"column":0},"end":{"line":4,"column":73}},"4":{"start":{"line":5,"column":0},"end":{"line":5,"column":0}},"5":{"start":{"line":6,"column":0},"end":{"line":6,"column":29}},"6":{"start":{"line":7,"column":0},"end":{"line":7,"column":72}},"7":{"start":{"line":8,"column":0},"end":{"line":8,"column":0}},"8":{"start":{"line":9,"column":0},"end":{"line":9,"column":24}},"9":{"start":{"line":10,"column":0},"end":{"line":10,"column":61}},"10":{"start":{"line":11,"column":0},"end":{"line":11,"column":5}},"11":{"start":{"line":12,"column":0},"end":{"line":12,"column":57}},"12":{"start":{"line":13,"column":0},"end":{"line":13,"column":3}},"13":{"start":{"line":14,"column":0},"end":{"line":14,"column":1}}},"s":{"0":1,"1":1,"2":1,"3":1,"4":1,"5":1,"6":2,"7":2,"8":2,"9":1,"10":1,"11":1,"12":1,"13":1},"branchMap":{"0":{"type":"branch","line":4,"loc":{"start":{"line":4,"column":2},"end":{"line":4,"column":73}},"locations":[{"start":{"line":4,"column":2},"end":{"line":4,"column":73}}]},"1":{"type":"branch","line":6,"loc":{"start":{"line":6,"column":2},"end":{"line":13,"column":3}},"locations":[{"start":{"line":6,"column":2},"end":{"line":13,"column":3}}]},"2":{"type":"branch","line":9,"loc":{"start":{"line":9,"column":23},"end":{"line":13,"column":3}},"locations":[{"start":{"line":9,"column":23},"end":{"line":13,"column":3}}]}},"b":{"0":[1],"1":[2],"2":[1]},"fnMap":{"0":{"name":"ListManufacturerService","decl":{"start":{"line":4,"column":2},"end":{"line":4,"column":73}},"loc":{"start":{"line":4,"column":2},"end":{"line":4,"column":73}},"line":4},"1":{"name":"execute","decl":{"start":{"line":6,"column":2},"end":{"line":13,"column":3}},"loc":{"start":{"line":6,"column":2},"end":{"line":13,"column":3}},"line":6}},"f":{"0":1,"1":2}}
,"/Users/guilhermealvespimenta/Koneksys-challenge/src/useCases/Manufacturer/ListManufacturerEquipments/ListManufacturerEquipmentsService.ts": {"path":"/Users/guilhermealvespimenta/Koneksys-challenge/src/useCases/Manufacturer/ListManufacturerEquipments/ListManufacturerEquipmentsService.ts","all":false,"statementMap":{"0":{"start":{"line":1,"column":0},"end":{"line":1,"column":88}},"1":{"start":{"line":2,"column":0},"end":{"line":2,"column":0}},"2":{"start":{"line":3,"column":0},"end":{"line":3,"column":48}},"3":{"start":{"line":4,"column":0},"end":{"line":4,"column":73}},"4":{"start":{"line":5,"column":0},"end":{"line":5,"column":0}},"5":{"start":{"line":6,"column":0},"end":{"line":6,"column":29}},"6":{"start":{"line":7,"column":0},"end":{"line":7,"column":72}},"7":{"start":{"line":8,"column":0},"end":{"line":8,"column":0}},"8":{"start":{"line":9,"column":0},"end":{"line":9,"column":24}},"9":{"start":{"line":10,"column":0},"end":{"line":10,"column":61}},"10":{"start":{"line":11,"column":0},"end":{"line":11,"column":5}},"11":{"start":{"line":12,"column":0},"end":{"line":12,"column":64}},"12":{"start":{"line":13,"column":0},"end":{"line":13,"column":3}},"13":{"start":{"line":14,"column":0},"end":{"line":14,"column":1}}},"s":{"0":1,"1":1,"2":1,"3":1,"4":1,"5":1,"6":2,"7":2,"8":2,"9":1,"10":1,"11":1,"12":1,"13":1},"branchMap":{"0":{"type":"branch","line":4,"loc":{"start":{"line":4,"column":2},"end":{"line":4,"column":73}},"locations":[{"start":{"line":4,"column":2},"end":{"line":4,"column":73}}]},"1":{"type":"branch","line":6,"loc":{"start":{"line":6,"column":2},"end":{"line":13,"column":3}},"locations":[{"start":{"line":6,"column":2},"end":{"line":13,"column":3}}]},"2":{"type":"branch","line":9,"loc":{"start":{"line":9,"column":23},"end":{"line":13,"column":3}},"locations":[{"start":{"line":9,"column":23},"end":{"line":13,"column":3}}]}},"b":{"0":[1],"1":[2],"2":[1]},"fnMap":{"0":{"name":"ListManufacturerEquipmentsService","decl":{"start":{"line":4,"column":2},"end":{"line":4,"column":73}},"loc":{"start":{"line":4,"column":2},"end":{"line":4,"column":73}},"line":4},"1":{"name":"execute","decl":{"start":{"line":6,"column":2},"end":{"line":13,"column":3}},"loc":{"start":{"line":6,"column":2},"end":{"line":13,"column":3}},"line":6}},"f":{"0":1,"1":2}}
,"/Users/guilhermealvespimenta/Koneksys-challenge/src/useCases/Manufacturer/ListManufacturers/ListManufacturersService.ts": {"path":"/Users/guilhermealvespimenta/Koneksys-challenge/src/useCases/Manufacturer/ListManufacturers/ListManufacturersService.ts","all":false,"statementMap":{"0":{"start":{"line":1,"column":0},"end":{"line":1,"column":88}},"1":{"start":{"line":2,"column":0},"end":{"line":2,"column":0}},"2":{"start":{"line":3,"column":0},"end":{"line":3,"column":39}},"3":{"start":{"line":4,"column":0},"end":{"line":4,"column":74}},"4":{"start":{"line":5,"column":0},"end":{"line":5,"column":0}},"5":{"start":{"line":6,"column":0},"end":{"line":6,"column":19}},"6":{"start":{"line":7,"column":0},"end":{"line":7,"column":56}},"7":{"start":{"line":8,"column":0},"end":{"line":8,"column":3}},"8":{"start":{"line":9,"column":0},"end":{"line":9,"column":1}}},"s":{"0":1,"1":1,"2":1,"3":1,"4":1,"5":1,"6":1,"7":1,"8":1},"branchMap":{"0":{"type":"branch","line":4,"loc":{"start":{"line":4,"column":2},"end":{"line":4,"column":74}},"locations":[{"start":{"line":4,"column":2},"end":{"line":4,"column":74}}]},"1":{"type":"branch","line":6,"loc":{"start":{"line":6,"column":2},"end":{"line":8,"column":3}},"locations":[{"start":{"line":6,"column":2},"end":{"line":8,"column":3}}]}},"b":{"0":[1],"1":[1]},"fnMap":{"0":{"name":"ListManufacturersService","decl":{"start":{"line":4,"column":2},"end":{"line":4,"column":74}},"loc":{"start":{"line":4,"column":2},"end":{"line":4,"column":74}},"line":4},"1":{"name":"execute","decl":{"start":{"line":6,"column":2},"end":{"line":8,"column":3}},"loc":{"start":{"line":6,"column":2},"end":{"line":8,"column":3}},"line":6}},"f":{"0":1,"1":1}}
,"/Users/guilhermealvespimenta/Koneksys-challenge/src/useCases/Manufacturer/UpdateManufacturer/UpdateManufacturerService.ts": {"path":"/Users/guilhermealvespimenta/Koneksys-challenge/src/useCases/Manufacturer/UpdateManufacturer/UpdateManufacturerService.ts","all":false,"statementMap":{"0":{"start":{"line":1,"column":0},"end":{"line":1,"column":88}},"1":{"start":{"line":2,"column":0},"end":{"line":2,"column":65}},"2":{"start":{"line":3,"column":0},"end":{"line":3,"column":0}},"3":{"start":{"line":4,"column":0},"end":{"line":4,"column":40}},"4":{"start":{"line":5,"column":0},"end":{"line":5,"column":73}},"5":{"start":{"line":6,"column":0},"end":{"line":6,"column":0}},"6":{"start":{"line":7,"column":0},"end":{"line":7,"column":46}},"7":{"start":{"line":8,"column":0},"end":{"line":8,"column":76}},"8":{"start":{"line":9,"column":0},"end":{"line":9,"column":0}},"9":{"start":{"line":10,"column":0},"end":{"line":10,"column":24}},"10":{"start":{"line":11,"column":0},"end":{"line":11,"column":61}},"11":{"start":{"line":12,"column":0},"end":{"line":12,"column":5}},"12":{"start":{"line":13,"column":0},"end":{"line":13,"column":57}},"13":{"start":{"line":14,"column":0},"end":{"line":14,"column":3}},"14":{"start":{"line":15,"column":0},"end":{"line":15,"column":1}}},"s":{"0":1,"1":1,"2":1,"3":1,"4":1,"5":1,"6":1,"7":2,"8":2,"9":2,"10":1,"11":1,"12":1,"13":1,"14":1},"branchMap":{"0":{"type":"branch","line":5,"loc":{"start":{"line":5,"column":2},"end":{"line":5,"column":73}},"locations":[{"start":{"line":5,"column":2},"end":{"line":5,"column":73}}]},"1":{"type":"branch","line":7,"loc":{"start":{"line":7,"column":2},"end":{"line":14,"column":3}},"locations":[{"start":{"line":7,"column":2},"end":{"line":14,"column":3}}]},"2":{"type":"branch","line":10,"loc":{"start":{"line":10,"column":23},"end":{"line":14,"column":3}},"locations":[{"start":{"line":10,"column":23},"end":{"line":14,"column":3}}]}},"b":{"0":[1],"1":[2],"2":[1]},"fnMap":{"0":{"name":"UpdateManufacturerService","decl":{"start":{"line":5,"column":2},"end":{"line":5,"column":73}},"loc":{"start":{"line":5,"column":2},"end":{"line":5,"column":73}},"line":5},"1":{"name":"execute","decl":{"start":{"line":7,"column":2},"end":{"line":14,"column":3}},"loc":{"start":{"line":7,"column":2},"end":{"line":14,"column":3}},"line":7}},"f":{"0":1,"1":2}}
,"/Users/guilhermealvespimenta/Koneksys-challenge/src/utils/fc.ts": {"path":"/Users/guilhermealvespimenta/Koneksys-challenge/src/utils/fc.ts","all":false,"statementMap":{"0":{"start":{"line":1,"column":0},"end":{"line":1,"column":20}},"1":{"start":{"line":2,"column":0},"end":{"line":2,"column":0}},"2":{"start":{"line":3,"column":0},"end":{"line":3,"column":26}},"3":{"start":{"line":4,"column":0},"end":{"line":4,"column":73}},"4":{"start":{"line":5,"column":0},"end":{"line":5,"column":1}},"5":{"start":{"line":6,"column":0},"end":{"line":6,"column":0}},"6":{"start":{"line":7,"column":0},"end":{"line":7,"column":21}}},"s":{"0":1,"1":1,"2":50,"3":50,"4":50,"5":1,"6":1},"branchMap":{"0":{"type":"branch","line":3,"loc":{"start":{"line":3,"column":0},"end":{"line":5,"column":1}},"locations":[{"start":{"line":3,"column":0},"end":{"line":5,"column":1}}]}},"b":{"0":[50]},"fnMap":{"0":{"name":"readQuery","decl":{"start":{"line":3,"column":0},"end":{"line":5,"column":1}},"loc":{"start":{"line":3,"column":0},"end":{"line":5,"column":1}},"line":3}},"f":{"0":50}}
}
