TN:
SF:src/db/index-test.js
FN:1,Object.<anonymous>
FNF:1
FNH:1
FNDA:12,Object.<anonymous>
DA:1,12
DA:2,12
DA:3,12
DA:4,12
DA:5,12
DA:6,12
DA:7,12
DA:8,12
DA:9,12
DA:10,12
DA:11,12
DA:12,12
LF:12
LH:12
BRDA:1,0,0,12
BRDA:1,1,0,12
BRF:2
BRH:2
end_of_record
TN:
SF:src/entities/Equipment.ts
FN:11,Equipment
FNF:1
FNH:1
FNDA:10,Equipment
DA:1,1
DA:2,1
DA:3,1
DA:4,1
DA:5,1
DA:6,1
DA:7,1
DA:8,1
DA:9,1
DA:10,1
DA:11,1
DA:12,10
DA:13,10
DA:14,10
DA:15,10
DA:16,10
DA:17,10
DA:18,10
DA:19,1
LF:19
LH:19
BRDA:11,0,0,10
BRF:1
BRH:1
end_of_record
TN:
SF:src/entities/Manufacturer.ts
FN:8,Manufacturer
FNF:1
FNH:1
FNDA:10,Manufacturer
DA:1,1
DA:2,1
DA:3,1
DA:4,1
DA:5,1
DA:6,1
DA:7,1
DA:8,1
DA:9,10
DA:10,10
DA:11,10
DA:12,10
DA:13,10
DA:14,10
DA:15,1
LF:15
LH:15
BRDA:8,0,0,10
BRF:1
BRH:1
end_of_record
TN:
SF:src/repositories/implementations/PostgresEquipmentRepository.ts
FN:10,PostgresEquipmentsRepository
FN:14,findById
FN:19,listOwner
FN:24,save
FN:34,listAll
FN:38,listOne
FN:43,update
FN:56,delete
FNF:8
FNH:8
FNDA:6,PostgresEquipmentsRepository
FNDA:9,findById
FNDA:1,listOwner
FNDA:10,save
FNDA:2,listAll
FNDA:3,listOne
FNDA:2,update
FNDA:1,delete
DA:1,1
DA:2,1
DA:3,1
DA:4,1
DA:5,1
DA:6,1
DA:7,1
DA:8,1
DA:9,1
DA:10,1
DA:11,6
DA:12,6
DA:13,1
DA:14,1
DA:15,9
DA:16,9
DA:17,9
DA:18,1
DA:19,1
DA:20,1
DA:21,1
DA:22,1
DA:23,1
DA:24,1
DA:25,10
DA:26,10
DA:27,10
DA:28,10
DA:29,10
DA:30,10
DA:31,10
DA:32,10
DA:33,1
DA:34,1
DA:35,2
DA:36,2
DA:37,2
DA:38,1
DA:39,3
DA:40,3
DA:41,3
DA:42,1
DA:43,1
DA:44,2
DA:45,2
DA:46,2
DA:47,2
DA:48,2
DA:49,2
DA:50,2
DA:51,2
DA:52,2
DA:53,2
DA:54,2
DA:55,2
DA:56,1
DA:57,1
DA:58,1
DA:59,1
LF:59
LH:59
BRDA:10,0,0,6
BRDA:14,1,0,9
BRDA:19,2,0,1
BRDA:24,3,0,10
BRDA:34,4,0,2
BRDA:38,5,0,3
BRDA:43,6,0,2
BRDA:45,7,0,1
BRDA:45,8,0,1
BRDA:46,9,0,1
BRDA:46,10,0,1
BRDA:56,11,0,1
BRF:12
BRH:12
end_of_record
TN:
SF:src/repositories/implementations/PostgresManufacturerRepository.ts
FN:12,PostgresManufacturersRepository
FN:16,findById
FN:21,listEquipments
FN:29,save
FN:37,listAll
FN:41,listOne
FN:45,update
FN:49,delete
FNF:8
FNH:8
FNDA:12,PostgresManufacturersRepository
FNDA:12,findById
FNDA:1,listEquipments
FNDA:10,save
FNDA:1,listAll
FNDA:1,listOne
FNDA:1,update
FNDA:1,delete
DA:1,1
DA:2,1
DA:3,1
DA:4,1
DA:5,1
DA:6,1
DA:7,1
DA:8,1
DA:9,1
DA:10,1
DA:11,1
DA:12,1
DA:13,12
DA:14,12
DA:15,1
DA:16,1
DA:17,12
DA:18,12
DA:19,12
DA:20,1
DA:21,1
DA:22,1
DA:23,1
DA:24,1
DA:25,1
DA:26,1
DA:27,1
DA:28,1
DA:29,1
DA:30,10
DA:31,10
DA:32,10
DA:33,10
DA:34,10
DA:35,10
DA:36,1
DA:37,1
DA:38,1
DA:39,1
DA:40,1
DA:41,1
DA:42,1
DA:43,1
DA:44,1
DA:45,1
DA:46,1
DA:47,1
DA:48,1
DA:49,1
DA:50,1
DA:51,1
DA:52,1
LF:52
LH:52
BRDA:12,0,0,12
BRDA:16,1,0,12
BRDA:21,2,0,1
BRDA:29,3,0,10
BRDA:37,4,0,1
BRDA:41,5,0,1
BRDA:45,6,0,1
BRDA:49,7,0,1
BRF:8
BRH:8
end_of_record
TN:
SF:src/useCases/Equipment/CreateEquipment/CreateEquipmentService.ts
FN:7,CreateEquipmentService
FN:12,execute
FNF:2
FNH:2
FNDA:6,CreateEquipmentService
FNDA:11,execute
DA:1,1
DA:2,1
DA:3,1
DA:4,1
DA:5,1
DA:6,1
DA:7,1
DA:8,6
DA:9,6
DA:10,6
DA:11,1
DA:12,1
DA:13,11
DA:14,1
DA:15,1
DA:16,10
DA:17,10
DA:18,9
DA:19,9
DA:20,10
DA:21,11
DA:22,1
DA:23,1
DA:24,1
DA:25,1
DA:26,0
DA:27,0
DA:28,1
DA:29,11
DA:30,11
DA:31,11
DA:32,11
DA:33,1
LF:33
LH:31
BRDA:7,0,0,6
BRDA:12,1,0,11
BRDA:13,2,0,10
BRDA:13,3,0,1
BRDA:17,4,0,9
BRDA:21,5,0,1
BRDA:25,6,0,0
BRF:7
BRH:6
end_of_record
TN:
SF:src/useCases/Equipment/DeleteEquipment/DeleteEquipmentService.ts
FN:4,DeleteEquipmentService
FN:6,execute
FNF:2
FNH:2
FNDA:1,DeleteEquipmentService
FNDA:2,execute
DA:1,1
DA:2,1
DA:3,1
DA:4,1
DA:5,1
DA:6,1
DA:7,2
DA:8,2
DA:9,2
DA:10,1
DA:11,1
DA:12,1
DA:13,1
DA:14,1
DA:15,1
LF:15
LH:15
BRDA:4,0,0,1
BRDA:6,1,0,2
BRDA:9,2,0,1
BRF:3
BRH:3
end_of_record
TN:
SF:src/useCases/Equipment/ListEquipment/ListEquipmentService.ts
FN:4,ListEquipmentService
FN:6,execute
FNF:2
FNH:2
FNDA:1,ListEquipmentService
FNDA:2,execute
DA:1,1
DA:2,1
DA:3,1
DA:4,1
DA:5,1
DA:6,1
DA:7,2
DA:8,2
DA:9,2
DA:10,1
DA:11,1
DA:12,1
DA:13,1
DA:14,1
LF:14
LH:14
BRDA:4,0,0,1
BRDA:6,1,0,2
BRDA:9,2,0,1
BRF:3
BRH:3
end_of_record
TN:
SF:src/useCases/Equipment/ListEquipmentOwner/ListEquipmentOwnerService.ts
FN:4,ListEquipmentOwnerService
FN:6,execute
FNF:2
FNH:2
FNDA:1,ListEquipmentOwnerService
FNDA:2,execute
DA:1,1
DA:2,1
DA:3,1
DA:4,1
DA:5,1
DA:6,1
DA:7,2
DA:8,2
DA:9,2
DA:10,1
DA:11,1
DA:12,1
DA:13,1
DA:14,1
LF:14
LH:14
BRDA:4,0,0,1
BRDA:6,1,0,2
BRDA:9,2,0,1
BRF:3
BRH:3
end_of_record
TN:
SF:src/useCases/Equipment/ListEquipments/ListEquipmentsService.ts
FN:4,ListEquipmentsService
FN:6,execute
FNF:2
FNH:2
FNDA:1,ListEquipmentsService
FNDA:2,execute
DA:1,1
DA:2,1
DA:3,1
DA:4,1
DA:5,1
DA:6,1
DA:7,2
DA:8,2
DA:9,1
LF:9
LH:9
BRDA:4,0,0,1
BRDA:6,1,0,2
BRF:2
BRH:2
end_of_record
TN:
SF:src/useCases/Equipment/UpdateEquipment/UpdateEquipmentService.ts
FN:6,UpdateEquipmentService
FN:11,execute
FNF:2
FNH:2
FNDA:1,UpdateEquipmentService
FNDA:4,execute
DA:1,1
DA:2,1
DA:3,1
DA:4,1
DA:5,1
DA:6,1
DA:7,1
DA:8,1
DA:9,1
DA:10,1
DA:11,1
DA:12,4
DA:13,1
DA:14,1
DA:15,3
DA:16,3
DA:17,3
DA:18,4
DA:19,0
DA:20,0
DA:21,3
DA:22,3
DA:23,3
DA:24,3
DA:25,3
DA:26,4
DA:27,1
DA:28,1
DA:29,2
DA:30,2
DA:31,2
DA:32,1
LF:32
LH:30
BRDA:6,0,0,1
BRDA:11,1,0,4
BRDA:12,2,0,1
BRDA:15,3,0,3
BRDA:18,4,0,0
BRDA:21,5,0,3
BRDA:26,6,0,2
BRDA:26,7,0,1
BRDA:29,8,0,2
BRF:9
BRH:8
end_of_record
TN:
SF:src/useCases/Manufacturer/CreateManufacturer/CreateManufacturerService.ts
FN:6,CreateManufacturerService
FN:8,execute
FNF:2
FNH:2
FNDA:8,CreateManufacturerService
FNDA:11,execute
DA:1,1
DA:2,1
DA:3,1
DA:4,1
DA:5,1
DA:6,1
DA:7,1
DA:8,1
DA:9,11
DA:10,1
DA:11,1
DA:12,10
DA:13,10
DA:14,10
DA:15,10
DA:16,10
DA:17,1
LF:17
LH:17
BRDA:6,0,0,8
BRDA:8,1,0,11
BRDA:9,2,0,10
BRDA:9,3,0,1
BRF:4
BRH:4
end_of_record
TN:
SF:src/useCases/Manufacturer/DeleteManufacturer/DeleteManufacturerService.ts
FN:4,DeleteManufacturerService
FN:6,execute
FNF:2
FNH:2
FNDA:1,DeleteManufacturerService
FNDA:2,execute
DA:1,1
DA:2,1
DA:3,1
DA:4,1
DA:5,1
DA:6,1
DA:7,2
DA:8,2
DA:9,2
DA:10,1
DA:11,1
DA:12,1
DA:13,1
DA:14,1
LF:14
LH:14
BRDA:4,0,0,1
BRDA:6,1,0,2
BRDA:9,2,0,1
BRF:3
BRH:3
end_of_record
TN:
SF:src/useCases/Manufacturer/ListManufacturer/ListManufacturerService.ts
FN:4,ListManufacturerService
FN:6,execute
FNF:2
FNH:2
FNDA:1,ListManufacturerService
FNDA:2,execute
DA:1,1
DA:2,1
DA:3,1
DA:4,1
DA:5,1
DA:6,1
DA:7,2
DA:8,2
DA:9,2
DA:10,1
DA:11,1
DA:12,1
DA:13,1
DA:14,1
LF:14
LH:14
BRDA:4,0,0,1
BRDA:6,1,0,2
BRDA:9,2,0,1
BRF:3
BRH:3
end_of_record
TN:
SF:src/useCases/Manufacturer/ListManufacturerEquipments/ListManufacturerEquipmentsService.ts
FN:4,ListManufacturerEquipmentsService
FN:6,execute
FNF:2
FNH:2
FNDA:1,ListManufacturerEquipmentsService
FNDA:2,execute
DA:1,1
DA:2,1
DA:3,1
DA:4,1
DA:5,1
DA:6,1
DA:7,2
DA:8,2
DA:9,2
DA:10,1
DA:11,1
DA:12,1
DA:13,1
DA:14,1
LF:14
LH:14
BRDA:4,0,0,1
BRDA:6,1,0,2
BRDA:9,2,0,1
BRF:3
BRH:3
end_of_record
TN:
SF:src/useCases/Manufacturer/ListManufacturers/ListManufacturersService.ts
FN:4,ListManufacturersService
FN:6,execute
FNF:2
FNH:2
FNDA:1,ListManufacturersService
FNDA:1,execute
DA:1,1
DA:2,1
DA:3,1
DA:4,1
DA:5,1
DA:6,1
DA:7,1
DA:8,1
DA:9,1
LF:9
LH:9
BRDA:4,0,0,1
BRDA:6,1,0,1
BRF:2
BRH:2
end_of_record
TN:
SF:src/useCases/Manufacturer/UpdateManufacturer/UpdateManufacturerService.ts
FN:5,UpdateManufacturerService
FN:7,execute
FNF:2
FNH:2
FNDA:1,UpdateManufacturerService
FNDA:2,execute
DA:1,1
DA:2,1
DA:3,1
DA:4,1
DA:5,1
DA:6,1
DA:7,1
DA:8,2
DA:9,2
DA:10,2
DA:11,1
DA:12,1
DA:13,1
DA:14,1
DA:15,1
LF:15
LH:15
BRDA:5,0,0,1
BRDA:7,1,0,2
BRDA:10,2,0,1
BRF:3
BRH:3
end_of_record
TN:
SF:src/utils/fc.ts
FN:3,readQuery
FNF:1
FNH:1
FNDA:105,readQuery
DA:1,1
DA:2,1
DA:3,105
DA:4,105
DA:5,105
DA:6,1
DA:7,1
LF:7
LH:7
BRDA:3,0,0,105
BRF:1
BRH:1
end_of_record
